---------------------------------------------------------------
[ 2018-03-06T01:09:27+08:00 ] 114.250.244.197 GET /
[ sql ] [ DB ] CONNECT:[ UseTime:0.000455s ] mysql:host=localhost;dbname=dbvedio;charset=utf8
[ sql ] [ SQL ] SHOW COLUMNS FROM `vedio_sqlclass` [ RunTime:0.000675s ]
[ sql ] [ SQL ] SELECT * FROM `vedio_sqlclass` WHERE  `pid` = 0  AND `status` = 1 [ RunTime:0.000150s ]
[ sql ] [ EXPLAIN : array (
  'id' => 1,
  'select_type' => 'SIMPLE',
  'table' => 'vedio_sqlclass',
  'type' => 'ALL',
  'possible_keys' => NULL,
  'key' => NULL,
  'key_len' => NULL,
  'ref' => NULL,
  'rows' => 19,
  'extra' => 'Using where',
) ]
[ sql ] [ SQL ] SELECT * FROM `vedio_sqlclass` WHERE  `pid` > 0  AND `status` = 1 [ RunTime:0.000149s ]
[ sql ] [ EXPLAIN : array (
  'id' => 1,
  'select_type' => 'SIMPLE',
  'table' => 'vedio_sqlclass',
  'type' => 'ALL',
  'possible_keys' => NULL,
  'key' => NULL,
  'key_len' => NULL,
  'ref' => NULL,
  'rows' => 19,
  'extra' => 'Using where',
) ]
[ sql ] [ SQL ] SHOW COLUMNS FROM `vedio_res` [ RunTime:0.000446s ]
[ sql ] [ SQL ] SELECT * FROM `vedio_res` [ RunTime:0.000244s ]
[ sql ] [ EXPLAIN : array (
  'id' => 1,
  'select_type' => 'SIMPLE',
  'table' => 'vedio_res',
  'type' => 'ALL',
  'possible_keys' => NULL,
  'key' => NULL,
  'key_len' => NULL,
  'ref' => NULL,
  'rows' => 127,
  'extra' => '',
) ]
[ sql ] [ SQL ] SELECT * FROM `vedio_res` WHERE  `id` = 6 [ RunTime:0.000201s ]
[ sql ] [ EXPLAIN : array (
  'id' => 1,
  'select_type' => 'SIMPLE',
  'table' => NULL,
  'type' => NULL,
  'possible_keys' => NULL,
  'key' => NULL,
  'key_len' => NULL,
  'ref' => NULL,
  'rows' => NULL,
  'extra' => 'Impossible WHERE noticed after reading const tables',
) ]
[ sql ] [ SQL ] SELECT * FROM `vedio_res` WHERE  `id` = 8 [ RunTime:0.000190s ]
[ sql ] [ EXPLAIN : array (
  'id' => 1,
  'select_type' => 'SIMPLE',
  'table' => 'vedio_res',
  'type' => 'const',
  'possible_keys' => 'PRIMARY',
  'key' => 'PRIMARY',
  'key_len' => '4',
  'ref' => 'const',
  'rows' => 1,
  'extra' => '',
) ]
[ sql ] [ SQL ] SELECT * FROM `vedio_res` WHERE  `id` = 20 [ RunTime:0.000178s ]
[ sql ] [ EXPLAIN : array (
  'id' => 1,
  'select_type' => 'SIMPLE',
  'table' => 'vedio_res',
  'type' => 'const',
  'possible_keys' => 'PRIMARY',
  'key' => 'PRIMARY',
  'key_len' => '4',
  'ref' => 'const',
  'rows' => 1,
  'extra' => '',
) ]
[ sql ] [ SQL ] SELECT * FROM `vedio_res` WHERE  `id` = 23 [ RunTime:0.000154s ]
[ sql ] [ EXPLAIN : array (
  'id' => 1,
  'select_type' => 'SIMPLE',
  'table' => 'vedio_res',
  'type' => 'const',
  'possible_keys' => 'PRIMARY',
  'key' => 'PRIMARY',
  'key_len' => '4',
  'ref' => 'const',
  'rows' => 1,
  'extra' => '',
) ]
[ sql ] [ SQL ] SELECT * FROM `vedio_res` WHERE  `id` = 36 [ RunTime:0.000120s ]
[ sql ] [ EXPLAIN : array (
  'id' => 1,
  'select_type' => 'SIMPLE',
  'table' => 'vedio_res',
  'type' => 'const',
  'possible_keys' => 'PRIMARY',
  'key' => 'PRIMARY',
  'key_len' => '4',
  'ref' => 'const',
  'rows' => 1,
  'extra' => '',
) ]
[ sql ] [ SQL ] SELECT * FROM `vedio_res` WHERE  `id` = 38 [ RunTime:0.000180s ]
[ sql ] [ EXPLAIN : array (
  'id' => 1,
  'select_type' => 'SIMPLE',
  'table' => 'vedio_res',
  'type' => 'const',
  'possible_keys' => 'PRIMARY',
  'key' => 'PRIMARY',
  'key_len' => '4',
  'ref' => 'const',
  'rows' => 1,
  'extra' => '',
) ]
[ sql ] [ SQL ] SELECT * FROM `vedio_res` WHERE  `id` = 39 [ RunTime:0.000178s ]
[ sql ] [ EXPLAIN : array (
  'id' => 1,
  'select_type' => 'SIMPLE',
  'table' => 'vedio_res',
  'type' => 'const',
  'possible_keys' => 'PRIMARY',
  'key' => 'PRIMARY',
  'key_len' => '4',
  'ref' => 'const',
  'rows' => 1,
  'extra' => '',
) ]
[ sql ] [ SQL ] SELECT * FROM `vedio_res` WHERE  `id` = 43 [ RunTime:0.000188s ]
[ sql ] [ EXPLAIN : array (
  'id' => 1,
  'select_type' => 'SIMPLE',
  'table' => 'vedio_res',
  'type' => 'const',
  'possible_keys' => 'PRIMARY',
  'key' => 'PRIMARY',
  'key_len' => '4',
  'ref' => 'const',
  'rows' => 1,
  'extra' => '',
) ]
[ sql ] [ SQL ] SELECT * FROM `vedio_res` WHERE  `id` = 78 [ RunTime:0.000196s ]
[ sql ] [ EXPLAIN : array (
  'id' => 1,
  'select_type' => 'SIMPLE',
  'table' => 'vedio_res',
  'type' => 'const',
  'possible_keys' => 'PRIMARY',
  'key' => 'PRIMARY',
  'key_len' => '4',
  'ref' => 'const',
  'rows' => 1,
  'extra' => '',
) ]
[ sql ] [ SQL ] SELECT * FROM `vedio_res` WHERE  `id` = 88 [ RunTime:0.000174s ]
[ sql ] [ EXPLAIN : array (
  'id' => 1,
  'select_type' => 'SIMPLE',
  'table' => 'vedio_res',
  'type' => 'const',
  'possible_keys' => 'PRIMARY',
  'key' => 'PRIMARY',
  'key_len' => '4',
  'ref' => 'const',
  'rows' => 1,
  'extra' => '',
) ]
[ sql ] [ SQL ] SELECT * FROM `vedio_res` WHERE  `id` = 90 [ RunTime:0.000144s ]
[ sql ] [ EXPLAIN : array (
  'id' => 1,
  'select_type' => 'SIMPLE',
  'table' => 'vedio_res',
  'type' => 'const',
  'possible_keys' => 'PRIMARY',
  'key' => 'PRIMARY',
  'key_len' => '4',
  'ref' => 'const',
  'rows' => 1,
  'extra' => '',
) ]
[ sql ] [ SQL ] SELECT * FROM `vedio_res` WHERE  `id` = 97 [ RunTime:0.000173s ]
[ sql ] [ EXPLAIN : array (
  'id' => 1,
  'select_type' => 'SIMPLE',
  'table' => 'vedio_res',
  'type' => 'const',
  'possible_keys' => 'PRIMARY',
  'key' => 'PRIMARY',
  'key_len' => '4',
  'ref' => 'const',
  'rows' => 1,
  'extra' => '',
) ]
[ sql ] [ SQL ] SELECT * FROM `vedio_res` ORDER BY `create_time`  desc LIMIT 3 [ RunTime:0.000109s ]
[ sql ] [ EXPLAIN : array (
  'id' => 1,
  'select_type' => 'SIMPLE',
  'table' => 'vedio_res',
  'type' => 'ALL',
  'possible_keys' => NULL,
  'key' => NULL,
  'key_len' => NULL,
  'ref' => NULL,
  'rows' => 127,
  'extra' => 'Using filesort',
) ]
[ sql ] [ SQL ] SELECT * FROM `vedio_res` ORDER BY `like_num`  desc LIMIT 3 [ RunTime:0.000144s ]
[ sql ] [ EXPLAIN : array (
  'id' => 1,
  'select_type' => 'SIMPLE',
  'table' => 'vedio_res',
  'type' => 'ALL',
  'possible_keys' => NULL,
  'key' => NULL,
  'key_len' => NULL,
  'ref' => NULL,
  'rows' => 127,
  'extra' => 'Using filesort',
) ]
[ sql ] [ SQL ] SELECT * FROM `vedio_res` ORDER BY `click_num`  desc LIMIT 3 [ RunTime:0.000103s ]
[ sql ] [ EXPLAIN : array (
  'id' => 1,
  'select_type' => 'SIMPLE',
  'table' => 'vedio_res',
  'type' => 'ALL',
  'possible_keys' => NULL,
  'key' => NULL,
  'key_len' => NULL,
  'ref' => NULL,
  'rows' => 127,
  'extra' => 'Using filesort',
) ]
[ sql ] [ SQL ] SELECT `id` FROM `vedio_sqlclass` WHERE  `pid` = 1 [ RunTime:0.000094s ]
[ sql ] [ EXPLAIN : array (
  'id' => 1,
  'select_type' => 'SIMPLE',
  'table' => 'vedio_sqlclass',
  'type' => 'ALL',
  'possible_keys' => NULL,
  'key' => NULL,
  'key_len' => NULL,
  'ref' => NULL,
  'rows' => 19,
  'extra' => 'Using where',
) ]
[ sql ] [ SQL ] SELECT * FROM `vedio_res` WHERE  `sid` IN (6,70,71) ORDER BY `create_time`  desc LIMIT 4 [ RunTime:0.000151s ]
[ sql ] [ EXPLAIN : array (
  'id' => 1,
  'select_type' => 'SIMPLE',
  'table' => 'vedio_res',
  'type' => 'ALL',
  'possible_keys' => NULL,
  'key' => NULL,
  'key_len' => NULL,
  'ref' => NULL,
  'rows' => 127,
  'extra' => 'Using where; Using filesort',
) ]
[ sql ] [ SQL ] SELECT `id` FROM `vedio_sqlclass` WHERE  `pid` = 2 [ RunTime:0.000097s ]
[ sql ] [ EXPLAIN : array (
  'id' => 1,
  'select_type' => 'SIMPLE',
  'table' => 'vedio_sqlclass',
  'type' => 'ALL',
  'possible_keys' => NULL,
  'key' => NULL,
  'key_len' => NULL,
  'ref' => NULL,
  'rows' => 19,
  'extra' => 'Using where',
) ]
[ sql ] [ SQL ] SELECT * FROM `vedio_res` WHERE  `sid` IN (7,8,9,10) ORDER BY `create_time`  desc LIMIT 4 [ RunTime:0.000126s ]
[ sql ] [ EXPLAIN : array (
  'id' => 1,
  'select_type' => 'SIMPLE',
  'table' => 'vedio_res',
  'type' => 'ALL',
  'possible_keys' => NULL,
  'key' => NULL,
  'key_len' => NULL,
  'ref' => NULL,
  'rows' => 127,
  'extra' => 'Using where; Using filesort',
) ]
[ sql ] [ SQL ] SELECT `id` FROM `vedio_sqlclass` WHERE  `pid` = 3 [ RunTime:0.000113s ]
[ sql ] [ EXPLAIN : array (
  'id' => 1,
  'select_type' => 'SIMPLE',
  'table' => 'vedio_sqlclass',
  'type' => 'ALL',
  'possible_keys' => NULL,
  'key' => NULL,
  'key_len' => NULL,
  'ref' => NULL,
  'rows' => 19,
  'extra' => 'Using where',
) ]
[ sql ] [ SQL ] SELECT * FROM `vedio_res` WHERE  `sid` IN (11,12,13,72) ORDER BY `create_time`  desc LIMIT 4 [ RunTime:0.000124s ]
[ sql ] [ EXPLAIN : array (
  'id' => 1,
  'select_type' => 'SIMPLE',
  'table' => 'vedio_res',
  'type' => 'ALL',
  'possible_keys' => NULL,
  'key' => NULL,
  'key_len' => NULL,
  'ref' => NULL,
  'rows' => 127,
  'extra' => 'Using where; Using filesort',
) ]
[ sql ] [ SQL ] SELECT `id` FROM `vedio_sqlclass` WHERE  `pid` = 73 [ RunTime:0.000094s ]
[ sql ] [ EXPLAIN : array (
  'id' => 1,
  'select_type' => 'SIMPLE',
  'table' => 'vedio_sqlclass',
  'type' => 'ALL',
  'possible_keys' => NULL,
  'key' => NULL,
  'key_len' => NULL,
  'ref' => NULL,
  'rows' => 19,
  'extra' => 'Using where',
) ]
[ sql ] [ SQL ] SELECT * FROM `vedio_res` WHERE  `sid` IN (74,75,76) ORDER BY `create_time`  desc LIMIT 4 [ RunTime:0.000140s ]
[ sql ] [ EXPLAIN : array (
  'id' => 1,
  'select_type' => 'SIMPLE',
  'table' => 'vedio_res',
  'type' => 'ALL',
  'possible_keys' => NULL,
  'key' => NULL,
  'key_len' => NULL,
  'ref' => NULL,
  'rows' => 127,
  'extra' => 'Using where; Using filesort',
) ]
[ warn ] SQL:SELECT * FROM `vedio_res` ORDER BY `create_time`  desc LIMIT 3 [Using filesort]
[ warn ] SQL:SELECT * FROM `vedio_res` ORDER BY `like_num`  desc LIMIT 3 [Using filesort]
[ warn ] SQL:SELECT * FROM `vedio_res` ORDER BY `click_num`  desc LIMIT 3 [Using filesort]
[ warn ] SQL:SELECT * FROM `vedio_res` WHERE  `sid` IN (:where_sid_in_1,:where_sid_in_2,:where_sid_in_3) ORDER BY `create_time`  desc LIMIT 4 [Using where; Using filesort]
[ warn ] SQL:SELECT * FROM `vedio_res` WHERE  `sid` IN (:where_sid_in_1,:where_sid_in_2,:where_sid_in_3,:where_sid_in_4) ORDER BY `create_time`  desc LIMIT 4 [Using where; Using filesort]
[ warn ] SQL:SELECT * FROM `vedio_res` WHERE  `sid` IN (:where_sid_in_1,:where_sid_in_2,:where_sid_in_3,:where_sid_in_4) ORDER BY `create_time`  desc LIMIT 4 [Using where; Using filesort]
[ warn ] SQL:SELECT * FROM `vedio_res` WHERE  `sid` IN (:where_sid_in_1,:where_sid_in_2,:where_sid_in_3) ORDER BY `create_time`  desc LIMIT 4 [Using where; Using filesort]
---------------------------------------------------------------
[ 2018-03-06T04:14:10+08:00 ] 106.11.227.114 GET /
[ sql ] [ DB ] CONNECT:[ UseTime:0.000405s ] mysql:host=localhost;dbname=dbvedio;charset=utf8
[ sql ] [ SQL ] SHOW COLUMNS FROM `vedio_sqlclass` [ RunTime:0.000605s ]
[ sql ] [ SQL ] SELECT * FROM `vedio_sqlclass` WHERE  `pid` = 0  AND `status` = 1 [ RunTime:0.000162s ]
[ sql ] [ EXPLAIN : array (
  'id' => 1,
  'select_type' => 'SIMPLE',
  'table' => 'vedio_sqlclass',
  'type' => 'ALL',
  'possible_keys' => NULL,
  'key' => NULL,
  'key_len' => NULL,
  'ref' => NULL,
  'rows' => 19,
  'extra' => 'Using where',
) ]
[ sql ] [ SQL ] SELECT * FROM `vedio_sqlclass` WHERE  `pid` > 0  AND `status` = 1 [ RunTime:0.000138s ]
[ sql ] [ EXPLAIN : array (
  'id' => 1,
  'select_type' => 'SIMPLE',
  'table' => 'vedio_sqlclass',
  'type' => 'ALL',
  'possible_keys' => NULL,
  'key' => NULL,
  'key_len' => NULL,
  'ref' => NULL,
  'rows' => 19,
  'extra' => 'Using where',
) ]
[ sql ] [ SQL ] SHOW COLUMNS FROM `vedio_res` [ RunTime:0.000461s ]
[ sql ] [ SQL ] SELECT * FROM `vedio_res` [ RunTime:0.000210s ]
[ sql ] [ EXPLAIN : array (
  'id' => 1,
  'select_type' => 'SIMPLE',
  'table' => 'vedio_res',
  'type' => 'ALL',
  'possible_keys' => NULL,
  'key' => NULL,
  'key_len' => NULL,
  'ref' => NULL,
  'rows' => 127,
  'extra' => '',
) ]
[ sql ] [ SQL ] SELECT * FROM `vedio_res` WHERE  `id` = 0 [ RunTime:0.000212s ]
[ sql ] [ EXPLAIN : array (
  'id' => 1,
  'select_type' => 'SIMPLE',
  'table' => NULL,
  'type' => NULL,
  'possible_keys' => NULL,
  'key' => NULL,
  'key_len' => NULL,
  'ref' => NULL,
  'rows' => NULL,
  'extra' => 'Impossible WHERE noticed after reading const tables',
) ]
[ sql ] [ SQL ] SELECT * FROM `vedio_res` WHERE  `id` = 1 [ RunTime:0.000135s ]
[ sql ] [ EXPLAIN : array (
  'id' => 1,
  'select_type' => 'SIMPLE',
  'table' => NULL,
  'type' => NULL,
  'possible_keys' => NULL,
  'key' => NULL,
  'key_len' => NULL,
  'ref' => NULL,
  'rows' => NULL,
  'extra' => 'Impossible WHERE noticed after reading const tables',
) ]
[ sql ] [ SQL ] SELECT * FROM `vedio_res` WHERE  `id` = 10 [ RunTime:0.000189s ]
[ sql ] [ EXPLAIN : array (
  'id' => 1,
  'select_type' => 'SIMPLE',
  'table' => 'vedio_res',
  'type' => 'const',
  'possible_keys' => 'PRIMARY',
  'key' => 'PRIMARY',
  'key_len' => '4',
  'ref' => 'const',
  'rows' => 1,
  'extra' => '',
) ]
[ sql ] [ SQL ] SELECT * FROM `vedio_res` WHERE  `id` = 17 [ RunTime:0.000117s ]
[ sql ] [ EXPLAIN : array (
  'id' => 1,
  'select_type' => 'SIMPLE',
  'table' => 'vedio_res',
  'type' => 'const',
  'possible_keys' => 'PRIMARY',
  'key' => 'PRIMARY',
  'key_len' => '4',
  'ref' => 'const',
  'rows' => 1,
  'extra' => '',
) ]
[ sql ] [ SQL ] SELECT * FROM `vedio_res` WHERE  `id` = 21 [ RunTime:0.000119s ]
[ sql ] [ EXPLAIN : array (
  'id' => 1,
  'select_type' => 'SIMPLE',
  'table' => 'vedio_res',
  'type' => 'const',
  'possible_keys' => 'PRIMARY',
  'key' => 'PRIMARY',
  'key_len' => '4',
  'ref' => 'const',
  'rows' => 1,
  'extra' => '',
) ]
[ sql ] [ SQL ] SELECT * FROM `vedio_res` WHERE  `id` = 29 [ RunTime:0.000175s ]
[ sql ] [ EXPLAIN : array (
  'id' => 1,
  'select_type' => 'SIMPLE',
  'table' => 'vedio_res',
  'type' => 'const',
  'possible_keys' => 'PRIMARY',
  'key' => 'PRIMARY',
  'key_len' => '4',
  'ref' => 'const',
  'rows' => 1,
  'extra' => '',
) ]
[ sql ] [ SQL ] SELECT * FROM `vedio_res` WHERE  `id` = 55 [ RunTime:0.000113s ]
[ sql ] [ EXPLAIN : array (
  'id' => 1,
  'select_type' => 'SIMPLE',
  'table' => 'vedio_res',
  'type' => 'const',
  'possible_keys' => 'PRIMARY',
  'key' => 'PRIMARY',
  'key_len' => '4',
  'ref' => 'const',
  'rows' => 1,
  'extra' => '',
) ]
[ sql ] [ SQL ] SELECT * FROM `vedio_res` WHERE  `id` = 60 [ RunTime:0.000177s ]
[ sql ] [ EXPLAIN : array (
  'id' => 1,
  'select_type' => 'SIMPLE',
  'table' => 'vedio_res',
  'type' => 'const',
  'possible_keys' => 'PRIMARY',
  'key' => 'PRIMARY',
  'key_len' => '4',
  'ref' => 'const',
  'rows' => 1,
  'extra' => '',
) ]
[ sql ] [ SQL ] SELECT * FROM `vedio_res` WHERE  `id` = 66 [ RunTime:0.000142s ]
[ sql ] [ EXPLAIN : array (
  'id' => 1,
  'select_type' => 'SIMPLE',
  'table' => 'vedio_res',
  'type' => 'const',
  'possible_keys' => 'PRIMARY',
  'key' => 'PRIMARY',
  'key_len' => '4',
  'ref' => 'const',
  'rows' => 1,
  'extra' => '',
) ]
[ sql ] [ SQL ] SELECT * FROM `vedio_res` WHERE  `id` = 68 [ RunTime:0.000129s ]
[ sql ] [ EXPLAIN : array (
  'id' => 1,
  'select_type' => 'SIMPLE',
  'table' => 'vedio_res',
  'type' => 'const',
  'possible_keys' => 'PRIMARY',
  'key' => 'PRIMARY',
  'key_len' => '4',
  'ref' => 'const',
  'rows' => 1,
  'extra' => '',
) ]
[ sql ] [ SQL ] SELECT * FROM `vedio_res` WHERE  `id` = 84 [ RunTime:0.000173s ]
[ sql ] [ EXPLAIN : array (
  'id' => 1,
  'select_type' => 'SIMPLE',
  'table' => 'vedio_res',
  'type' => 'const',
  'possible_keys' => 'PRIMARY',
  'key' => 'PRIMARY',
  'key_len' => '4',
  'ref' => 'const',
  'rows' => 1,
  'extra' => '',
) ]
[ sql ] [ SQL ] SELECT * FROM `vedio_res` WHERE  `id` = 86 [ RunTime:0.000174s ]
[ sql ] [ EXPLAIN : array (
  'id' => 1,
  'select_type' => 'SIMPLE',
  'table' => 'vedio_res',
  'type' => 'const',
  'possible_keys' => 'PRIMARY',
  'key' => 'PRIMARY',
  'key_len' => '4',
  'ref' => 'const',
  'rows' => 1,
  'extra' => '',
) ]
[ sql ] [ SQL ] SELECT * FROM `vedio_res` ORDER BY `create_time`  desc LIMIT 3 [ RunTime:0.000112s ]
[ sql ] [ EXPLAIN : array (
  'id' => 1,
  'select_type' => 'SIMPLE',
  'table' => 'vedio_res',
  'type' => 'ALL',
  'possible_keys' => NULL,
  'key' => NULL,
  'key_len' => NULL,
  'ref' => NULL,
  'rows' => 127,
  'extra' => 'Using filesort',
) ]
[ sql ] [ SQL ] SELECT * FROM `vedio_res` ORDER BY `like_num`  desc LIMIT 3 [ RunTime:0.000101s ]
[ sql ] [ EXPLAIN : array (
  'id' => 1,
  'select_type' => 'SIMPLE',
  'table' => 'vedio_res',
  'type' => 'ALL',
  'possible_keys' => NULL,
  'key' => NULL,
  'key_len' => NULL,
  'ref' => NULL,
  'rows' => 127,
  'extra' => 'Using filesort',
) ]
[ sql ] [ SQL ] SELECT * FROM `vedio_res` ORDER BY `click_num`  desc LIMIT 3 [ RunTime:0.000101s ]
[ sql ] [ EXPLAIN : array (
  'id' => 1,
  'select_type' => 'SIMPLE',
  'table' => 'vedio_res',
  'type' => 'ALL',
  'possible_keys' => NULL,
  'key' => NULL,
  'key_len' => NULL,
  'ref' => NULL,
  'rows' => 127,
  'extra' => 'Using filesort',
) ]
[ sql ] [ SQL ] SELECT `id` FROM `vedio_sqlclass` WHERE  `pid` = 1 [ RunTime:0.000107s ]
[ sql ] [ EXPLAIN : array (
  'id' => 1,
  'select_type' => 'SIMPLE',
  'table' => 'vedio_sqlclass',
  'type' => 'ALL',
  'possible_keys' => NULL,
  'key' => NULL,
  'key_len' => NULL,
  'ref' => NULL,
  'rows' => 19,
  'extra' => 'Using where',
) ]
[ sql ] [ SQL ] SELECT * FROM `vedio_res` WHERE  `sid` IN (6,70,71) ORDER BY `create_time`  desc LIMIT 4 [ RunTime:0.000125s ]
[ sql ] [ EXPLAIN : array (
  'id' => 1,
  'select_type' => 'SIMPLE',
  'table' => 'vedio_res',
  'type' => 'ALL',
  'possible_keys' => NULL,
  'key' => NULL,
  'key_len' => NULL,
  'ref' => NULL,
  'rows' => 127,
  'extra' => 'Using where; Using filesort',
) ]
[ sql ] [ SQL ] SELECT `id` FROM `vedio_sqlclass` WHERE  `pid` = 2 [ RunTime:0.000096s ]
[ sql ] [ EXPLAIN : array (
  'id' => 1,
  'select_type' => 'SIMPLE',
  'table' => 'vedio_sqlclass',
  'type' => 'ALL',
  'possible_keys' => NULL,
  'key' => NULL,
  'key_len' => NULL,
  'ref' => NULL,
  'rows' => 19,
  'extra' => 'Using where',
) ]
[ sql ] [ SQL ] SELECT * FROM `vedio_res` WHERE  `sid` IN (7,8,9,10) ORDER BY `create_time`  desc LIMIT 4 [ RunTime:0.000138s ]
[ sql ] [ EXPLAIN : array (
  'id' => 1,
  'select_type' => 'SIMPLE',
  'table' => 'vedio_res',
  'type' => 'ALL',
  'possible_keys' => NULL,
  'key' => NULL,
  'key_len' => NULL,
  'ref' => NULL,
  'rows' => 127,
  'extra' => 'Using where; Using filesort',
) ]
[ sql ] [ SQL ] SELECT `id` FROM `vedio_sqlclass` WHERE  `pid` = 3 [ RunTime:0.000094s ]
[ sql ] [ EXPLAIN : array (
  'id' => 1,
  'select_type' => 'SIMPLE',
  'table' => 'vedio_sqlclass',
  'type' => 'ALL',
  'possible_keys' => NULL,
  'key' => NULL,
  'key_len' => NULL,
  'ref' => NULL,
  'rows' => 19,
  'extra' => 'Using where',
) ]
[ sql ] [ SQL ] SELECT * FROM `vedio_res` WHERE  `sid` IN (11,12,13,72) ORDER BY `create_time`  desc LIMIT 4 [ RunTime:0.000133s ]
[ sql ] [ EXPLAIN : array (
  'id' => 1,
  'select_type' => 'SIMPLE',
  'table' => 'vedio_res',
  'type' => 'ALL',
  'possible_keys' => NULL,
  'key' => NULL,
  'key_len' => NULL,
  'ref' => NULL,
  'rows' => 127,
  'extra' => 'Using where; Using filesort',
) ]
[ sql ] [ SQL ] SELECT `id` FROM `vedio_sqlclass` WHERE  `pid` = 73 [ RunTime:0.000109s ]
[ sql ] [ EXPLAIN : array (
  'id' => 1,
  'select_type' => 'SIMPLE',
  'table' => 'vedio_sqlclass',
  'type' => 'ALL',
  'possible_keys' => NULL,
  'key' => NULL,
  'key_len' => NULL,
  'ref' => NULL,
  'rows' => 19,
  'extra' => 'Using where',
) ]
[ sql ] [ SQL ] SELECT * FROM `vedio_res` WHERE  `sid` IN (74,75,76) ORDER BY `create_time`  desc LIMIT 4 [ RunTime:0.000122s ]
[ sql ] [ EXPLAIN : array (
  'id' => 1,
  'select_type' => 'SIMPLE',
  'table' => 'vedio_res',
  'type' => 'ALL',
  'possible_keys' => NULL,
  'key' => NULL,
  'key_len' => NULL,
  'ref' => NULL,
  'rows' => 127,
  'extra' => 'Using where; Using filesort',
) ]
[ warn ] SQL:SELECT * FROM `vedio_res` ORDER BY `create_time`  desc LIMIT 3 [Using filesort]
[ warn ] SQL:SELECT * FROM `vedio_res` ORDER BY `like_num`  desc LIMIT 3 [Using filesort]
[ warn ] SQL:SELECT * FROM `vedio_res` ORDER BY `click_num`  desc LIMIT 3 [Using filesort]
[ warn ] SQL:SELECT * FROM `vedio_res` WHERE  `sid` IN (:where_sid_in_1,:where_sid_in_2,:where_sid_in_3) ORDER BY `create_time`  desc LIMIT 4 [Using where; Using filesort]
[ warn ] SQL:SELECT * FROM `vedio_res` WHERE  `sid` IN (:where_sid_in_1,:where_sid_in_2,:where_sid_in_3,:where_sid_in_4) ORDER BY `create_time`  desc LIMIT 4 [Using where; Using filesort]
[ warn ] SQL:SELECT * FROM `vedio_res` WHERE  `sid` IN (:where_sid_in_1,:where_sid_in_2,:where_sid_in_3,:where_sid_in_4) ORDER BY `create_time`  desc LIMIT 4 [Using where; Using filesort]
[ warn ] SQL:SELECT * FROM `vedio_res` WHERE  `sid` IN (:where_sid_in_1,:where_sid_in_2,:where_sid_in_3) ORDER BY `create_time`  desc LIMIT 4 [Using where; Using filesort]
