---------------------------------------------------------------
[ 2018-03-09T04:26:55+08:00 ] 106.11.225.128 GET /
[ sql ] [ DB ] CONNECT:[ UseTime:0.000436s ] mysql:host=localhost;dbname=dbvedio;charset=utf8
[ sql ] [ SQL ] SHOW COLUMNS FROM `vedio_sqlclass` [ RunTime:0.000636s ]
[ sql ] [ SQL ] SELECT * FROM `vedio_sqlclass` WHERE  `pid` = 0  AND `status` = 1 [ RunTime:0.000171s ]
[ sql ] [ EXPLAIN : array (
  'id' => 1,
  'select_type' => 'SIMPLE',
  'table' => 'vedio_sqlclass',
  'type' => 'ALL',
  'possible_keys' => NULL,
  'key' => NULL,
  'key_len' => NULL,
  'ref' => NULL,
  'rows' => 19,
  'extra' => 'Using where',
) ]
[ sql ] [ SQL ] SELECT * FROM `vedio_sqlclass` WHERE  `pid` > 0  AND `status` = 1 [ RunTime:0.000147s ]
[ sql ] [ EXPLAIN : array (
  'id' => 1,
  'select_type' => 'SIMPLE',
  'table' => 'vedio_sqlclass',
  'type' => 'ALL',
  'possible_keys' => NULL,
  'key' => NULL,
  'key_len' => NULL,
  'ref' => NULL,
  'rows' => 19,
  'extra' => 'Using where',
) ]
[ sql ] [ SQL ] SHOW COLUMNS FROM `vedio_res` [ RunTime:0.000523s ]
[ sql ] [ SQL ] SELECT * FROM `vedio_res` [ RunTime:0.000202s ]
[ sql ] [ EXPLAIN : array (
  'id' => 1,
  'select_type' => 'SIMPLE',
  'table' => 'vedio_res',
  'type' => 'ALL',
  'possible_keys' => NULL,
  'key' => NULL,
  'key_len' => NULL,
  'ref' => NULL,
  'rows' => 127,
  'extra' => '',
) ]
[ sql ] [ SQL ] SELECT * FROM `vedio_res` WHERE  `id` = 3 [ RunTime:0.000161s ]
[ sql ] [ EXPLAIN : array (
  'id' => 1,
  'select_type' => 'SIMPLE',
  'table' => NULL,
  'type' => NULL,
  'possible_keys' => NULL,
  'key' => NULL,
  'key_len' => NULL,
  'ref' => NULL,
  'rows' => NULL,
  'extra' => 'Impossible WHERE noticed after reading const tables',
) ]
[ sql ] [ SQL ] SELECT * FROM `vedio_res` WHERE  `id` = 10 [ RunTime:0.000134s ]
[ sql ] [ EXPLAIN : array (
  'id' => 1,
  'select_type' => 'SIMPLE',
  'table' => 'vedio_res',
  'type' => 'const',
  'possible_keys' => 'PRIMARY',
  'key' => 'PRIMARY',
  'key_len' => '4',
  'ref' => 'const',
  'rows' => 1,
  'extra' => '',
) ]
[ sql ] [ SQL ] SELECT * FROM `vedio_res` WHERE  `id` = 16 [ RunTime:0.000203s ]
[ sql ] [ EXPLAIN : array (
  'id' => 1,
  'select_type' => 'SIMPLE',
  'table' => 'vedio_res',
  'type' => 'const',
  'possible_keys' => 'PRIMARY',
  'key' => 'PRIMARY',
  'key_len' => '4',
  'ref' => 'const',
  'rows' => 1,
  'extra' => '',
) ]
[ sql ] [ SQL ] SELECT * FROM `vedio_res` WHERE  `id` = 20 [ RunTime:0.000120s ]
[ sql ] [ EXPLAIN : array (
  'id' => 1,
  'select_type' => 'SIMPLE',
  'table' => 'vedio_res',
  'type' => 'const',
  'possible_keys' => 'PRIMARY',
  'key' => 'PRIMARY',
  'key_len' => '4',
  'ref' => 'const',
  'rows' => 1,
  'extra' => '',
) ]
[ sql ] [ SQL ] SELECT * FROM `vedio_res` WHERE  `id` = 28 [ RunTime:0.000197s ]
[ sql ] [ EXPLAIN : array (
  'id' => 1,
  'select_type' => 'SIMPLE',
  'table' => 'vedio_res',
  'type' => 'const',
  'possible_keys' => 'PRIMARY',
  'key' => 'PRIMARY',
  'key_len' => '4',
  'ref' => 'const',
  'rows' => 1,
  'extra' => '',
) ]
[ sql ] [ SQL ] SELECT * FROM `vedio_res` WHERE  `id` = 35 [ RunTime:0.000183s ]
[ sql ] [ EXPLAIN : array (
  'id' => 1,
  'select_type' => 'SIMPLE',
  'table' => 'vedio_res',
  'type' => 'const',
  'possible_keys' => 'PRIMARY',
  'key' => 'PRIMARY',
  'key_len' => '4',
  'ref' => 'const',
  'rows' => 1,
  'extra' => '',
) ]
[ sql ] [ SQL ] SELECT * FROM `vedio_res` WHERE  `id` = 37 [ RunTime:0.000210s ]
[ sql ] [ EXPLAIN : array (
  'id' => 1,
  'select_type' => 'SIMPLE',
  'table' => 'vedio_res',
  'type' => 'const',
  'possible_keys' => 'PRIMARY',
  'key' => 'PRIMARY',
  'key_len' => '4',
  'ref' => 'const',
  'rows' => 1,
  'extra' => '',
) ]
[ sql ] [ SQL ] SELECT * FROM `vedio_res` WHERE  `id` = 60 [ RunTime:0.000119s ]
[ sql ] [ EXPLAIN : array (
  'id' => 1,
  'select_type' => 'SIMPLE',
  'table' => 'vedio_res',
  'type' => 'const',
  'possible_keys' => 'PRIMARY',
  'key' => 'PRIMARY',
  'key_len' => '4',
  'ref' => 'const',
  'rows' => 1,
  'extra' => '',
) ]
[ sql ] [ SQL ] SELECT * FROM `vedio_res` WHERE  `id` = 75 [ RunTime:0.000143s ]
[ sql ] [ EXPLAIN : array (
  'id' => 1,
  'select_type' => 'SIMPLE',
  'table' => 'vedio_res',
  'type' => 'const',
  'possible_keys' => 'PRIMARY',
  'key' => 'PRIMARY',
  'key_len' => '4',
  'ref' => 'const',
  'rows' => 1,
  'extra' => '',
) ]
[ sql ] [ SQL ] SELECT * FROM `vedio_res` WHERE  `id` = 85 [ RunTime:0.000119s ]
[ sql ] [ EXPLAIN : array (
  'id' => 1,
  'select_type' => 'SIMPLE',
  'table' => 'vedio_res',
  'type' => 'const',
  'possible_keys' => 'PRIMARY',
  'key' => 'PRIMARY',
  'key_len' => '4',
  'ref' => 'const',
  'rows' => 1,
  'extra' => '',
) ]
[ sql ] [ SQL ] SELECT * FROM `vedio_res` WHERE  `id` = 87 [ RunTime:0.000117s ]
[ sql ] [ EXPLAIN : array (
  'id' => 1,
  'select_type' => 'SIMPLE',
  'table' => 'vedio_res',
  'type' => 'const',
  'possible_keys' => 'PRIMARY',
  'key' => 'PRIMARY',
  'key_len' => '4',
  'ref' => 'const',
  'rows' => 1,
  'extra' => '',
) ]
[ sql ] [ SQL ] SELECT * FROM `vedio_res` WHERE  `id` = 92 [ RunTime:0.000116s ]
[ sql ] [ EXPLAIN : array (
  'id' => 1,
  'select_type' => 'SIMPLE',
  'table' => 'vedio_res',
  'type' => 'const',
  'possible_keys' => 'PRIMARY',
  'key' => 'PRIMARY',
  'key_len' => '4',
  'ref' => 'const',
  'rows' => 1,
  'extra' => '',
) ]
[ sql ] [ SQL ] SELECT * FROM `vedio_res` ORDER BY `create_time`  desc LIMIT 3 [ RunTime:0.000127s ]
[ sql ] [ EXPLAIN : array (
  'id' => 1,
  'select_type' => 'SIMPLE',
  'table' => 'vedio_res',
  'type' => 'ALL',
  'possible_keys' => NULL,
  'key' => NULL,
  'key_len' => NULL,
  'ref' => NULL,
  'rows' => 127,
  'extra' => 'Using filesort',
) ]
[ sql ] [ SQL ] SELECT * FROM `vedio_res` ORDER BY `like_num`  desc LIMIT 3 [ RunTime:0.000106s ]
[ sql ] [ EXPLAIN : array (
  'id' => 1,
  'select_type' => 'SIMPLE',
  'table' => 'vedio_res',
  'type' => 'ALL',
  'possible_keys' => NULL,
  'key' => NULL,
  'key_len' => NULL,
  'ref' => NULL,
  'rows' => 127,
  'extra' => 'Using filesort',
) ]
[ sql ] [ SQL ] SELECT * FROM `vedio_res` ORDER BY `click_num`  desc LIMIT 3 [ RunTime:0.000105s ]
[ sql ] [ EXPLAIN : array (
  'id' => 1,
  'select_type' => 'SIMPLE',
  'table' => 'vedio_res',
  'type' => 'ALL',
  'possible_keys' => NULL,
  'key' => NULL,
  'key_len' => NULL,
  'ref' => NULL,
  'rows' => 127,
  'extra' => 'Using filesort',
) ]
[ sql ] [ SQL ] SELECT `id` FROM `vedio_sqlclass` WHERE  `pid` = 1 [ RunTime:0.000099s ]
[ sql ] [ EXPLAIN : array (
  'id' => 1,
  'select_type' => 'SIMPLE',
  'table' => 'vedio_sqlclass',
  'type' => 'ALL',
  'possible_keys' => NULL,
  'key' => NULL,
  'key_len' => NULL,
  'ref' => NULL,
  'rows' => 19,
  'extra' => 'Using where',
) ]
[ sql ] [ SQL ] SELECT * FROM `vedio_res` WHERE  `sid` IN (6,70,71) ORDER BY `create_time`  desc LIMIT 4 [ RunTime:0.000131s ]
[ sql ] [ EXPLAIN : array (
  'id' => 1,
  'select_type' => 'SIMPLE',
  'table' => 'vedio_res',
  'type' => 'ALL',
  'possible_keys' => NULL,
  'key' => NULL,
  'key_len' => NULL,
  'ref' => NULL,
  'rows' => 127,
  'extra' => 'Using where; Using filesort',
) ]
[ sql ] [ SQL ] SELECT `id` FROM `vedio_sqlclass` WHERE  `pid` = 2 [ RunTime:0.000098s ]
[ sql ] [ EXPLAIN : array (
  'id' => 1,
  'select_type' => 'SIMPLE',
  'table' => 'vedio_sqlclass',
  'type' => 'ALL',
  'possible_keys' => NULL,
  'key' => NULL,
  'key_len' => NULL,
  'ref' => NULL,
  'rows' => 19,
  'extra' => 'Using where',
) ]
[ sql ] [ SQL ] SELECT * FROM `vedio_res` WHERE  `sid` IN (7,8,9,10) ORDER BY `create_time`  desc LIMIT 4 [ RunTime:0.000147s ]
[ sql ] [ EXPLAIN : array (
  'id' => 1,
  'select_type' => 'SIMPLE',
  'table' => 'vedio_res',
  'type' => 'ALL',
  'possible_keys' => NULL,
  'key' => NULL,
  'key_len' => NULL,
  'ref' => NULL,
  'rows' => 127,
  'extra' => 'Using where; Using filesort',
) ]
[ sql ] [ SQL ] SELECT `id` FROM `vedio_sqlclass` WHERE  `pid` = 3 [ RunTime:0.000097s ]
[ sql ] [ EXPLAIN : array (
  'id' => 1,
  'select_type' => 'SIMPLE',
  'table' => 'vedio_sqlclass',
  'type' => 'ALL',
  'possible_keys' => NULL,
  'key' => NULL,
  'key_len' => NULL,
  'ref' => NULL,
  'rows' => 19,
  'extra' => 'Using where',
) ]
[ sql ] [ SQL ] SELECT * FROM `vedio_res` WHERE  `sid` IN (11,12,13,72) ORDER BY `create_time`  desc LIMIT 4 [ RunTime:0.000127s ]
[ sql ] [ EXPLAIN : array (
  'id' => 1,
  'select_type' => 'SIMPLE',
  'table' => 'vedio_res',
  'type' => 'ALL',
  'possible_keys' => NULL,
  'key' => NULL,
  'key_len' => NULL,
  'ref' => NULL,
  'rows' => 127,
  'extra' => 'Using where; Using filesort',
) ]
[ sql ] [ SQL ] SELECT `id` FROM `vedio_sqlclass` WHERE  `pid` = 73 [ RunTime:0.000112s ]
[ sql ] [ EXPLAIN : array (
  'id' => 1,
  'select_type' => 'SIMPLE',
  'table' => 'vedio_sqlclass',
  'type' => 'ALL',
  'possible_keys' => NULL,
  'key' => NULL,
  'key_len' => NULL,
  'ref' => NULL,
  'rows' => 19,
  'extra' => 'Using where',
) ]
[ sql ] [ SQL ] SELECT * FROM `vedio_res` WHERE  `sid` IN (74,75,76) ORDER BY `create_time`  desc LIMIT 4 [ RunTime:0.000126s ]
[ sql ] [ EXPLAIN : array (
  'id' => 1,
  'select_type' => 'SIMPLE',
  'table' => 'vedio_res',
  'type' => 'ALL',
  'possible_keys' => NULL,
  'key' => NULL,
  'key_len' => NULL,
  'ref' => NULL,
  'rows' => 127,
  'extra' => 'Using where; Using filesort',
) ]
[ warn ] SQL:SELECT * FROM `vedio_res` ORDER BY `create_time`  desc LIMIT 3 [Using filesort]
[ warn ] SQL:SELECT * FROM `vedio_res` ORDER BY `like_num`  desc LIMIT 3 [Using filesort]
[ warn ] SQL:SELECT * FROM `vedio_res` ORDER BY `click_num`  desc LIMIT 3 [Using filesort]
[ warn ] SQL:SELECT * FROM `vedio_res` WHERE  `sid` IN (:where_sid_in_1,:where_sid_in_2,:where_sid_in_3) ORDER BY `create_time`  desc LIMIT 4 [Using where; Using filesort]
[ warn ] SQL:SELECT * FROM `vedio_res` WHERE  `sid` IN (:where_sid_in_1,:where_sid_in_2,:where_sid_in_3,:where_sid_in_4) ORDER BY `create_time`  desc LIMIT 4 [Using where; Using filesort]
[ warn ] SQL:SELECT * FROM `vedio_res` WHERE  `sid` IN (:where_sid_in_1,:where_sid_in_2,:where_sid_in_3,:where_sid_in_4) ORDER BY `create_time`  desc LIMIT 4 [Using where; Using filesort]
[ warn ] SQL:SELECT * FROM `vedio_res` WHERE  `sid` IN (:where_sid_in_1,:where_sid_in_2,:where_sid_in_3) ORDER BY `create_time`  desc LIMIT 4 [Using where; Using filesort]
---------------------------------------------------------------
[ 2018-03-09T08:50:38+08:00 ] 220.197.176.17 GET /
[ sql ] [ DB ] CONNECT:[ UseTime:0.000432s ] mysql:host=localhost;dbname=dbvedio;charset=utf8
[ sql ] [ SQL ] SHOW COLUMNS FROM `vedio_sqlclass` [ RunTime:0.000615s ]
[ sql ] [ SQL ] SELECT * FROM `vedio_sqlclass` WHERE  `pid` = 0  AND `status` = 1 [ RunTime:0.000149s ]
[ sql ] [ EXPLAIN : array (
  'id' => 1,
  'select_type' => 'SIMPLE',
  'table' => 'vedio_sqlclass',
  'type' => 'ALL',
  'possible_keys' => NULL,
  'key' => NULL,
  'key_len' => NULL,
  'ref' => NULL,
  'rows' => 19,
  'extra' => 'Using where',
) ]
[ sql ] [ SQL ] SELECT * FROM `vedio_sqlclass` WHERE  `pid` > 0  AND `status` = 1 [ RunTime:0.000129s ]
[ sql ] [ EXPLAIN : array (
  'id' => 1,
  'select_type' => 'SIMPLE',
  'table' => 'vedio_sqlclass',
  'type' => 'ALL',
  'possible_keys' => NULL,
  'key' => NULL,
  'key_len' => NULL,
  'ref' => NULL,
  'rows' => 19,
  'extra' => 'Using where',
) ]
[ sql ] [ SQL ] SHOW COLUMNS FROM `vedio_res` [ RunTime:0.000473s ]
[ sql ] [ SQL ] SELECT * FROM `vedio_res` [ RunTime:0.000204s ]
[ sql ] [ EXPLAIN : array (
  'id' => 1,
  'select_type' => 'SIMPLE',
  'table' => 'vedio_res',
  'type' => 'ALL',
  'possible_keys' => NULL,
  'key' => NULL,
  'key_len' => NULL,
  'ref' => NULL,
  'rows' => 127,
  'extra' => '',
) ]
[ sql ] [ SQL ] SELECT * FROM `vedio_res` WHERE  `id` = 33 [ RunTime:0.000136s ]
[ sql ] [ EXPLAIN : array (
  'id' => 1,
  'select_type' => 'SIMPLE',
  'table' => 'vedio_res',
  'type' => 'const',
  'possible_keys' => 'PRIMARY',
  'key' => 'PRIMARY',
  'key_len' => '4',
  'ref' => 'const',
  'rows' => 1,
  'extra' => '',
) ]
[ sql ] [ SQL ] SELECT * FROM `vedio_res` WHERE  `id` = 38 [ RunTime:0.000131s ]
[ sql ] [ EXPLAIN : array (
  'id' => 1,
  'select_type' => 'SIMPLE',
  'table' => 'vedio_res',
  'type' => 'const',
  'possible_keys' => 'PRIMARY',
  'key' => 'PRIMARY',
  'key_len' => '4',
  'ref' => 'const',
  'rows' => 1,
  'extra' => '',
) ]
[ sql ] [ SQL ] SELECT * FROM `vedio_res` WHERE  `id` = 40 [ RunTime:0.000186s ]
[ sql ] [ EXPLAIN : array (
  'id' => 1,
  'select_type' => 'SIMPLE',
  'table' => 'vedio_res',
  'type' => 'const',
  'possible_keys' => 'PRIMARY',
  'key' => 'PRIMARY',
  'key_len' => '4',
  'ref' => 'const',
  'rows' => 1,
  'extra' => '',
) ]
[ sql ] [ SQL ] SELECT * FROM `vedio_res` WHERE  `id` = 42 [ RunTime:0.000167s ]
[ sql ] [ EXPLAIN : array (
  'id' => 1,
  'select_type' => 'SIMPLE',
  'table' => NULL,
  'type' => NULL,
  'possible_keys' => NULL,
  'key' => NULL,
  'key_len' => NULL,
  'ref' => NULL,
  'rows' => NULL,
  'extra' => 'Impossible WHERE noticed after reading const tables',
) ]
[ sql ] [ SQL ] SELECT * FROM `vedio_res` WHERE  `id` = 51 [ RunTime:0.000138s ]
[ sql ] [ EXPLAIN : array (
  'id' => 1,
  'select_type' => 'SIMPLE',
  'table' => 'vedio_res',
  'type' => 'const',
  'possible_keys' => 'PRIMARY',
  'key' => 'PRIMARY',
  'key_len' => '4',
  'ref' => 'const',
  'rows' => 1,
  'extra' => '',
) ]
[ sql ] [ SQL ] SELECT * FROM `vedio_res` WHERE  `id` = 62 [ RunTime:0.000175s ]
[ sql ] [ EXPLAIN : array (
  'id' => 1,
  'select_type' => 'SIMPLE',
  'table' => 'vedio_res',
  'type' => 'const',
  'possible_keys' => 'PRIMARY',
  'key' => 'PRIMARY',
  'key_len' => '4',
  'ref' => 'const',
  'rows' => 1,
  'extra' => '',
) ]
[ sql ] [ SQL ] SELECT * FROM `vedio_res` WHERE  `id` = 66 [ RunTime:0.000113s ]
[ sql ] [ EXPLAIN : array (
  'id' => 1,
  'select_type' => 'SIMPLE',
  'table' => 'vedio_res',
  'type' => 'const',
  'possible_keys' => 'PRIMARY',
  'key' => 'PRIMARY',
  'key_len' => '4',
  'ref' => 'const',
  'rows' => 1,
  'extra' => '',
) ]
[ sql ] [ SQL ] SELECT * FROM `vedio_res` WHERE  `id` = 77 [ RunTime:0.000176s ]
[ sql ] [ EXPLAIN : array (
  'id' => 1,
  'select_type' => 'SIMPLE',
  'table' => 'vedio_res',
  'type' => 'const',
  'possible_keys' => 'PRIMARY',
  'key' => 'PRIMARY',
  'key_len' => '4',
  'ref' => 'const',
  'rows' => 1,
  'extra' => '',
) ]
[ sql ] [ SQL ] SELECT * FROM `vedio_res` WHERE  `id` = 85 [ RunTime:0.000112s ]
[ sql ] [ EXPLAIN : array (
  'id' => 1,
  'select_type' => 'SIMPLE',
  'table' => 'vedio_res',
  'type' => 'const',
  'possible_keys' => 'PRIMARY',
  'key' => 'PRIMARY',
  'key_len' => '4',
  'ref' => 'const',
  'rows' => 1,
  'extra' => '',
) ]
[ sql ] [ SQL ] SELECT * FROM `vedio_res` WHERE  `id` = 91 [ RunTime:0.000123s ]
[ sql ] [ EXPLAIN : array (
  'id' => 1,
  'select_type' => 'SIMPLE',
  'table' => 'vedio_res',
  'type' => 'const',
  'possible_keys' => 'PRIMARY',
  'key' => 'PRIMARY',
  'key_len' => '4',
  'ref' => 'const',
  'rows' => 1,
  'extra' => '',
) ]
[ sql ] [ SQL ] SELECT * FROM `vedio_res` WHERE  `id` = 97 [ RunTime:0.000112s ]
[ sql ] [ EXPLAIN : array (
  'id' => 1,
  'select_type' => 'SIMPLE',
  'table' => 'vedio_res',
  'type' => 'const',
  'possible_keys' => 'PRIMARY',
  'key' => 'PRIMARY',
  'key_len' => '4',
  'ref' => 'const',
  'rows' => 1,
  'extra' => '',
) ]
[ sql ] [ SQL ] SELECT * FROM `vedio_res` WHERE  `id` = 101 [ RunTime:0.000111s ]
[ sql ] [ EXPLAIN : array (
  'id' => 1,
  'select_type' => 'SIMPLE',
  'table' => 'vedio_res',
  'type' => 'const',
  'possible_keys' => 'PRIMARY',
  'key' => 'PRIMARY',
  'key_len' => '4',
  'ref' => 'const',
  'rows' => 1,
  'extra' => '',
) ]
[ sql ] [ SQL ] SELECT * FROM `vedio_res` ORDER BY `create_time`  desc LIMIT 3 [ RunTime:0.000120s ]
[ sql ] [ EXPLAIN : array (
  'id' => 1,
  'select_type' => 'SIMPLE',
  'table' => 'vedio_res',
  'type' => 'ALL',
  'possible_keys' => NULL,
  'key' => NULL,
  'key_len' => NULL,
  'ref' => NULL,
  'rows' => 127,
  'extra' => 'Using filesort',
) ]
[ sql ] [ SQL ] SELECT * FROM `vedio_res` ORDER BY `like_num`  desc LIMIT 3 [ RunTime:0.000103s ]
[ sql ] [ EXPLAIN : array (
  'id' => 1,
  'select_type' => 'SIMPLE',
  'table' => 'vedio_res',
  'type' => 'ALL',
  'possible_keys' => NULL,
  'key' => NULL,
  'key_len' => NULL,
  'ref' => NULL,
  'rows' => 127,
  'extra' => 'Using filesort',
) ]
[ sql ] [ SQL ] SELECT * FROM `vedio_res` ORDER BY `click_num`  desc LIMIT 3 [ RunTime:0.000100s ]
[ sql ] [ EXPLAIN : array (
  'id' => 1,
  'select_type' => 'SIMPLE',
  'table' => 'vedio_res',
  'type' => 'ALL',
  'possible_keys' => NULL,
  'key' => NULL,
  'key_len' => NULL,
  'ref' => NULL,
  'rows' => 127,
  'extra' => 'Using filesort',
) ]
[ sql ] [ SQL ] SELECT `id` FROM `vedio_sqlclass` WHERE  `pid` = 1 [ RunTime:0.000094s ]
[ sql ] [ EXPLAIN : array (
  'id' => 1,
  'select_type' => 'SIMPLE',
  'table' => 'vedio_sqlclass',
  'type' => 'ALL',
  'possible_keys' => NULL,
  'key' => NULL,
  'key_len' => NULL,
  'ref' => NULL,
  'rows' => 19,
  'extra' => 'Using where',
) ]
[ sql ] [ SQL ] SELECT * FROM `vedio_res` WHERE  `sid` IN (6,70,71) ORDER BY `create_time`  desc LIMIT 4 [ RunTime:0.000214s ]
[ sql ] [ EXPLAIN : array (
  'id' => 1,
  'select_type' => 'SIMPLE',
  'table' => 'vedio_res',
  'type' => 'ALL',
  'possible_keys' => NULL,
  'key' => NULL,
  'key_len' => NULL,
  'ref' => NULL,
  'rows' => 127,
  'extra' => 'Using where; Using filesort',
) ]
[ sql ] [ SQL ] SELECT `id` FROM `vedio_sqlclass` WHERE  `pid` = 2 [ RunTime:0.000095s ]
[ sql ] [ EXPLAIN : array (
  'id' => 1,
  'select_type' => 'SIMPLE',
  'table' => 'vedio_sqlclass',
  'type' => 'ALL',
  'possible_keys' => NULL,
  'key' => NULL,
  'key_len' => NULL,
  'ref' => NULL,
  'rows' => 19,
  'extra' => 'Using where',
) ]
[ sql ] [ SQL ] SELECT * FROM `vedio_res` WHERE  `sid` IN (7,8,9,10) ORDER BY `create_time`  desc LIMIT 4 [ RunTime:0.000135s ]
[ sql ] [ EXPLAIN : array (
  'id' => 1,
  'select_type' => 'SIMPLE',
  'table' => 'vedio_res',
  'type' => 'ALL',
  'possible_keys' => NULL,
  'key' => NULL,
  'key_len' => NULL,
  'ref' => NULL,
  'rows' => 127,
  'extra' => 'Using where; Using filesort',
) ]
[ sql ] [ SQL ] SELECT `id` FROM `vedio_sqlclass` WHERE  `pid` = 3 [ RunTime:0.000095s ]
[ sql ] [ EXPLAIN : array (
  'id' => 1,
  'select_type' => 'SIMPLE',
  'table' => 'vedio_sqlclass',
  'type' => 'ALL',
  'possible_keys' => NULL,
  'key' => NULL,
  'key_len' => NULL,
  'ref' => NULL,
  'rows' => 19,
  'extra' => 'Using where',
) ]
[ sql ] [ SQL ] SELECT * FROM `vedio_res` WHERE  `sid` IN (11,12,13,72) ORDER BY `create_time`  desc LIMIT 4 [ RunTime:0.000121s ]
[ sql ] [ EXPLAIN : array (
  'id' => 1,
  'select_type' => 'SIMPLE',
  'table' => 'vedio_res',
  'type' => 'ALL',
  'possible_keys' => NULL,
  'key' => NULL,
  'key_len' => NULL,
  'ref' => NULL,
  'rows' => 127,
  'extra' => 'Using where; Using filesort',
) ]
[ sql ] [ SQL ] SELECT `id` FROM `vedio_sqlclass` WHERE  `pid` = 73 [ RunTime:0.000102s ]
[ sql ] [ EXPLAIN : array (
  'id' => 1,
  'select_type' => 'SIMPLE',
  'table' => 'vedio_sqlclass',
  'type' => 'ALL',
  'possible_keys' => NULL,
  'key' => NULL,
  'key_len' => NULL,
  'ref' => NULL,
  'rows' => 19,
  'extra' => 'Using where',
) ]
[ sql ] [ SQL ] SELECT * FROM `vedio_res` WHERE  `sid` IN (74,75,76) ORDER BY `create_time`  desc LIMIT 4 [ RunTime:0.000124s ]
[ sql ] [ EXPLAIN : array (
  'id' => 1,
  'select_type' => 'SIMPLE',
  'table' => 'vedio_res',
  'type' => 'ALL',
  'possible_keys' => NULL,
  'key' => NULL,
  'key_len' => NULL,
  'ref' => NULL,
  'rows' => 127,
  'extra' => 'Using where; Using filesort',
) ]
[ warn ] SQL:SELECT * FROM `vedio_res` ORDER BY `create_time`  desc LIMIT 3 [Using filesort]
[ warn ] SQL:SELECT * FROM `vedio_res` ORDER BY `like_num`  desc LIMIT 3 [Using filesort]
[ warn ] SQL:SELECT * FROM `vedio_res` ORDER BY `click_num`  desc LIMIT 3 [Using filesort]
[ warn ] SQL:SELECT * FROM `vedio_res` WHERE  `sid` IN (:where_sid_in_1,:where_sid_in_2,:where_sid_in_3) ORDER BY `create_time`  desc LIMIT 4 [Using where; Using filesort]
[ warn ] SQL:SELECT * FROM `vedio_res` WHERE  `sid` IN (:where_sid_in_1,:where_sid_in_2,:where_sid_in_3,:where_sid_in_4) ORDER BY `create_time`  desc LIMIT 4 [Using where; Using filesort]
[ warn ] SQL:SELECT * FROM `vedio_res` WHERE  `sid` IN (:where_sid_in_1,:where_sid_in_2,:where_sid_in_3,:where_sid_in_4) ORDER BY `create_time`  desc LIMIT 4 [Using where; Using filesort]
[ warn ] SQL:SELECT * FROM `vedio_res` WHERE  `sid` IN (:where_sid_in_1,:where_sid_in_2,:where_sid_in_3) ORDER BY `create_time`  desc LIMIT 4 [Using where; Using filesort]
