---------------------------------------------------------------
[ 2018-03-12T05:12:37+08:00 ] 106.11.242.157 GET /
[ sql ] [ DB ] CONNECT:[ UseTime:0.000418s ] mysql:host=localhost;dbname=dbvedio;charset=utf8
[ sql ] [ SQL ] SHOW COLUMNS FROM `vedio_sqlclass` [ RunTime:0.000599s ]
[ sql ] [ SQL ] SELECT * FROM `vedio_sqlclass` WHERE  `pid` = 0  AND `status` = 1 [ RunTime:0.000148s ]
[ sql ] [ EXPLAIN : array (
  'id' => 1,
  'select_type' => 'SIMPLE',
  'table' => 'vedio_sqlclass',
  'type' => 'ALL',
  'possible_keys' => NULL,
  'key' => NULL,
  'key_len' => NULL,
  'ref' => NULL,
  'rows' => 19,
  'extra' => 'Using where',
) ]
[ sql ] [ SQL ] SELECT * FROM `vedio_sqlclass` WHERE  `pid` > 0  AND `status` = 1 [ RunTime:0.000119s ]
[ sql ] [ EXPLAIN : array (
  'id' => 1,
  'select_type' => 'SIMPLE',
  'table' => 'vedio_sqlclass',
  'type' => 'ALL',
  'possible_keys' => NULL,
  'key' => NULL,
  'key_len' => NULL,
  'ref' => NULL,
  'rows' => 19,
  'extra' => 'Using where',
) ]
[ sql ] [ SQL ] SHOW COLUMNS FROM `vedio_res` [ RunTime:0.000453s ]
[ sql ] [ SQL ] SELECT * FROM `vedio_res` [ RunTime:0.000196s ]
[ sql ] [ EXPLAIN : array (
  'id' => 1,
  'select_type' => 'SIMPLE',
  'table' => 'vedio_res',
  'type' => 'ALL',
  'possible_keys' => NULL,
  'key' => NULL,
  'key_len' => NULL,
  'ref' => NULL,
  'rows' => 127,
  'extra' => '',
) ]
[ sql ] [ SQL ] SELECT * FROM `vedio_res` WHERE  `id` = 1 [ RunTime:0.000131s ]
[ sql ] [ EXPLAIN : array (
  'id' => 1,
  'select_type' => 'SIMPLE',
  'table' => NULL,
  'type' => NULL,
  'possible_keys' => NULL,
  'key' => NULL,
  'key_len' => NULL,
  'ref' => NULL,
  'rows' => NULL,
  'extra' => 'Impossible WHERE noticed after reading const tables',
) ]
[ sql ] [ SQL ] SELECT * FROM `vedio_res` WHERE  `id` = 9 [ RunTime:0.000193s ]
[ sql ] [ EXPLAIN : array (
  'id' => 1,
  'select_type' => 'SIMPLE',
  'table' => 'vedio_res',
  'type' => 'const',
  'possible_keys' => 'PRIMARY',
  'key' => 'PRIMARY',
  'key_len' => '4',
  'ref' => 'const',
  'rows' => 1,
  'extra' => '',
) ]
[ sql ] [ SQL ] SELECT * FROM `vedio_res` WHERE  `id` = 13 [ RunTime:0.000120s ]
[ sql ] [ EXPLAIN : array (
  'id' => 1,
  'select_type' => 'SIMPLE',
  'table' => 'vedio_res',
  'type' => 'const',
  'possible_keys' => 'PRIMARY',
  'key' => 'PRIMARY',
  'key_len' => '4',
  'ref' => 'const',
  'rows' => 1,
  'extra' => '',
) ]
[ sql ] [ SQL ] SELECT * FROM `vedio_res` WHERE  `id` = 21 [ RunTime:0.000121s ]
[ sql ] [ EXPLAIN : array (
  'id' => 1,
  'select_type' => 'SIMPLE',
  'table' => 'vedio_res',
  'type' => 'const',
  'possible_keys' => 'PRIMARY',
  'key' => 'PRIMARY',
  'key_len' => '4',
  'ref' => 'const',
  'rows' => 1,
  'extra' => '',
) ]
[ sql ] [ SQL ] SELECT * FROM `vedio_res` WHERE  `id` = 35 [ RunTime:0.000152s ]
[ sql ] [ EXPLAIN : array (
  'id' => 1,
  'select_type' => 'SIMPLE',
  'table' => 'vedio_res',
  'type' => 'const',
  'possible_keys' => 'PRIMARY',
  'key' => 'PRIMARY',
  'key_len' => '4',
  'ref' => 'const',
  'rows' => 1,
  'extra' => '',
) ]
[ sql ] [ SQL ] SELECT * FROM `vedio_res` WHERE  `id` = 45 [ RunTime:0.000178s ]
[ sql ] [ EXPLAIN : array (
  'id' => 1,
  'select_type' => 'SIMPLE',
  'table' => 'vedio_res',
  'type' => 'const',
  'possible_keys' => 'PRIMARY',
  'key' => 'PRIMARY',
  'key_len' => '4',
  'ref' => 'const',
  'rows' => 1,
  'extra' => '',
) ]
[ sql ] [ SQL ] SELECT * FROM `vedio_res` WHERE  `id` = 46 [ RunTime:0.000127s ]
[ sql ] [ EXPLAIN : array (
  'id' => 1,
  'select_type' => 'SIMPLE',
  'table' => NULL,
  'type' => NULL,
  'possible_keys' => NULL,
  'key' => NULL,
  'key_len' => NULL,
  'ref' => NULL,
  'rows' => NULL,
  'extra' => 'Impossible WHERE noticed after reading const tables',
) ]
[ sql ] [ SQL ] SELECT * FROM `vedio_res` WHERE  `id` = 84 [ RunTime:0.000129s ]
[ sql ] [ EXPLAIN : array (
  'id' => 1,
  'select_type' => 'SIMPLE',
  'table' => 'vedio_res',
  'type' => 'const',
  'possible_keys' => 'PRIMARY',
  'key' => 'PRIMARY',
  'key_len' => '4',
  'ref' => 'const',
  'rows' => 1,
  'extra' => '',
) ]
[ sql ] [ SQL ] SELECT * FROM `vedio_res` WHERE  `id` = 91 [ RunTime:0.000115s ]
[ sql ] [ EXPLAIN : array (
  'id' => 1,
  'select_type' => 'SIMPLE',
  'table' => 'vedio_res',
  'type' => 'const',
  'possible_keys' => 'PRIMARY',
  'key' => 'PRIMARY',
  'key_len' => '4',
  'ref' => 'const',
  'rows' => 1,
  'extra' => '',
) ]
[ sql ] [ SQL ] SELECT * FROM `vedio_res` WHERE  `id` = 92 [ RunTime:0.000116s ]
[ sql ] [ EXPLAIN : array (
  'id' => 1,
  'select_type' => 'SIMPLE',
  'table' => 'vedio_res',
  'type' => 'const',
  'possible_keys' => 'PRIMARY',
  'key' => 'PRIMARY',
  'key_len' => '4',
  'ref' => 'const',
  'rows' => 1,
  'extra' => '',
) ]
[ sql ] [ SQL ] SELECT * FROM `vedio_res` WHERE  `id` = 98 [ RunTime:0.000184s ]
[ sql ] [ EXPLAIN : array (
  'id' => 1,
  'select_type' => 'SIMPLE',
  'table' => 'vedio_res',
  'type' => 'const',
  'possible_keys' => 'PRIMARY',
  'key' => 'PRIMARY',
  'key_len' => '4',
  'ref' => 'const',
  'rows' => 1,
  'extra' => '',
) ]
[ sql ] [ SQL ] SELECT * FROM `vedio_res` WHERE  `id` = 103 [ RunTime:0.000113s ]
[ sql ] [ EXPLAIN : array (
  'id' => 1,
  'select_type' => 'SIMPLE',
  'table' => 'vedio_res',
  'type' => 'const',
  'possible_keys' => 'PRIMARY',
  'key' => 'PRIMARY',
  'key_len' => '4',
  'ref' => 'const',
  'rows' => 1,
  'extra' => '',
) ]
[ sql ] [ SQL ] SELECT * FROM `vedio_res` ORDER BY `create_time`  desc LIMIT 3 [ RunTime:0.000108s ]
[ sql ] [ EXPLAIN : array (
  'id' => 1,
  'select_type' => 'SIMPLE',
  'table' => 'vedio_res',
  'type' => 'ALL',
  'possible_keys' => NULL,
  'key' => NULL,
  'key_len' => NULL,
  'ref' => NULL,
  'rows' => 127,
  'extra' => 'Using filesort',
) ]
[ sql ] [ SQL ] SELECT * FROM `vedio_res` ORDER BY `like_num`  desc LIMIT 3 [ RunTime:0.000103s ]
[ sql ] [ EXPLAIN : array (
  'id' => 1,
  'select_type' => 'SIMPLE',
  'table' => 'vedio_res',
  'type' => 'ALL',
  'possible_keys' => NULL,
  'key' => NULL,
  'key_len' => NULL,
  'ref' => NULL,
  'rows' => 127,
  'extra' => 'Using filesort',
) ]
[ sql ] [ SQL ] SELECT * FROM `vedio_res` ORDER BY `click_num`  desc LIMIT 3 [ RunTime:0.000100s ]
[ sql ] [ EXPLAIN : array (
  'id' => 1,
  'select_type' => 'SIMPLE',
  'table' => 'vedio_res',
  'type' => 'ALL',
  'possible_keys' => NULL,
  'key' => NULL,
  'key_len' => NULL,
  'ref' => NULL,
  'rows' => 127,
  'extra' => 'Using filesort',
) ]
[ sql ] [ SQL ] SELECT `id` FROM `vedio_sqlclass` WHERE  `pid` = 1 [ RunTime:0.000095s ]
[ sql ] [ EXPLAIN : array (
  'id' => 1,
  'select_type' => 'SIMPLE',
  'table' => 'vedio_sqlclass',
  'type' => 'ALL',
  'possible_keys' => NULL,
  'key' => NULL,
  'key_len' => NULL,
  'ref' => NULL,
  'rows' => 19,
  'extra' => 'Using where',
) ]
[ sql ] [ SQL ] SELECT * FROM `vedio_res` WHERE  `sid` IN (6,70,71) ORDER BY `create_time`  desc LIMIT 4 [ RunTime:0.000141s ]
[ sql ] [ EXPLAIN : array (
  'id' => 1,
  'select_type' => 'SIMPLE',
  'table' => 'vedio_res',
  'type' => 'ALL',
  'possible_keys' => NULL,
  'key' => NULL,
  'key_len' => NULL,
  'ref' => NULL,
  'rows' => 127,
  'extra' => 'Using where; Using filesort',
) ]
[ sql ] [ SQL ] SELECT `id` FROM `vedio_sqlclass` WHERE  `pid` = 2 [ RunTime:0.000097s ]
[ sql ] [ EXPLAIN : array (
  'id' => 1,
  'select_type' => 'SIMPLE',
  'table' => 'vedio_sqlclass',
  'type' => 'ALL',
  'possible_keys' => NULL,
  'key' => NULL,
  'key_len' => NULL,
  'ref' => NULL,
  'rows' => 19,
  'extra' => 'Using where',
) ]
[ sql ] [ SQL ] SELECT * FROM `vedio_res` WHERE  `sid` IN (7,8,9,10) ORDER BY `create_time`  desc LIMIT 4 [ RunTime:0.000127s ]
[ sql ] [ EXPLAIN : array (
  'id' => 1,
  'select_type' => 'SIMPLE',
  'table' => 'vedio_res',
  'type' => 'ALL',
  'possible_keys' => NULL,
  'key' => NULL,
  'key_len' => NULL,
  'ref' => NULL,
  'rows' => 127,
  'extra' => 'Using where; Using filesort',
) ]
[ sql ] [ SQL ] SELECT `id` FROM `vedio_sqlclass` WHERE  `pid` = 3 [ RunTime:0.000098s ]
[ sql ] [ EXPLAIN : array (
  'id' => 1,
  'select_type' => 'SIMPLE',
  'table' => 'vedio_sqlclass',
  'type' => 'ALL',
  'possible_keys' => NULL,
  'key' => NULL,
  'key_len' => NULL,
  'ref' => NULL,
  'rows' => 19,
  'extra' => 'Using where',
) ]
[ sql ] [ SQL ] SELECT * FROM `vedio_res` WHERE  `sid` IN (11,12,13,72) ORDER BY `create_time`  desc LIMIT 4 [ RunTime:0.000124s ]
[ sql ] [ EXPLAIN : array (
  'id' => 1,
  'select_type' => 'SIMPLE',
  'table' => 'vedio_res',
  'type' => 'ALL',
  'possible_keys' => NULL,
  'key' => NULL,
  'key_len' => NULL,
  'ref' => NULL,
  'rows' => 127,
  'extra' => 'Using where; Using filesort',
) ]
[ sql ] [ SQL ] SELECT `id` FROM `vedio_sqlclass` WHERE  `pid` = 73 [ RunTime:0.000097s ]
[ sql ] [ EXPLAIN : array (
  'id' => 1,
  'select_type' => 'SIMPLE',
  'table' => 'vedio_sqlclass',
  'type' => 'ALL',
  'possible_keys' => NULL,
  'key' => NULL,
  'key_len' => NULL,
  'ref' => NULL,
  'rows' => 19,
  'extra' => 'Using where',
) ]
[ sql ] [ SQL ] SELECT * FROM `vedio_res` WHERE  `sid` IN (74,75,76) ORDER BY `create_time`  desc LIMIT 4 [ RunTime:0.000125s ]
[ sql ] [ EXPLAIN : array (
  'id' => 1,
  'select_type' => 'SIMPLE',
  'table' => 'vedio_res',
  'type' => 'ALL',
  'possible_keys' => NULL,
  'key' => NULL,
  'key_len' => NULL,
  'ref' => NULL,
  'rows' => 127,
  'extra' => 'Using where; Using filesort',
) ]
[ warn ] SQL:SELECT * FROM `vedio_res` ORDER BY `create_time`  desc LIMIT 3 [Using filesort]
[ warn ] SQL:SELECT * FROM `vedio_res` ORDER BY `like_num`  desc LIMIT 3 [Using filesort]
[ warn ] SQL:SELECT * FROM `vedio_res` ORDER BY `click_num`  desc LIMIT 3 [Using filesort]
[ warn ] SQL:SELECT * FROM `vedio_res` WHERE  `sid` IN (:where_sid_in_1,:where_sid_in_2,:where_sid_in_3) ORDER BY `create_time`  desc LIMIT 4 [Using where; Using filesort]
[ warn ] SQL:SELECT * FROM `vedio_res` WHERE  `sid` IN (:where_sid_in_1,:where_sid_in_2,:where_sid_in_3,:where_sid_in_4) ORDER BY `create_time`  desc LIMIT 4 [Using where; Using filesort]
[ warn ] SQL:SELECT * FROM `vedio_res` WHERE  `sid` IN (:where_sid_in_1,:where_sid_in_2,:where_sid_in_3,:where_sid_in_4) ORDER BY `create_time`  desc LIMIT 4 [Using where; Using filesort]
[ warn ] SQL:SELECT * FROM `vedio_res` WHERE  `sid` IN (:where_sid_in_1,:where_sid_in_2,:where_sid_in_3) ORDER BY `create_time`  desc LIMIT 4 [Using where; Using filesort]
